2025-03-27 15:38:32,855 [Worker-1: Loading available Gradle versions] INFO  o.e.b.c.i.u.g.PublishedGradleVersions - Gradle version information cache is not available. Remote download required.
2025-03-27 15:39:36,660 [Worker-11: Building] INFO  o.e.m.c.i.l.LifecycleMappingFactory - Using org.eclipse.m2e.jdt.JarLifecycleMapping lifecycle mapping for MavenProject: objetosDos:ej1RedSocial:0.0.1-SNAPSHOT @ /home/mati/Repositorios/Practicas2025/eclipse_AyED_OO2/ej1RedSocial_V3/pom.xml.
2025-03-27 15:39:36,933 [Worker-11: Building] INFO  o.a.m.s.f.DefaultMavenResourcesFiltering - skip non existing resourceDirectory /home/mati/Repositorios/Practicas2025/eclipse_AyED_OO2/ej1RedSocial_V3/src/main/resources
2025-03-27 15:39:36,935 [Worker-11: Building] INFO  o.a.m.s.f.DefaultMavenResourcesFiltering - skip non existing resourceDirectory /home/mati/Repositorios/Practicas2025/eclipse_AyED_OO2/ej1RedSocial_V3/src/test/resources
2025-03-27 15:39:38,083 [Worker-8: Building] INFO  o.e.m.c.i.l.LifecycleMappingFactory - Using org.eclipse.m2e.jdt.JarLifecycleMapping lifecycle mapping for MavenProject: objetosDos:ej1RedSocial:0.0.1-SNAPSHOT @ /home/mati/Repositorios/Practicas2025/eclipse_AyED_OO2/ej1RedSocial_V3/pom.xml.
2025-03-27 15:39:38,240 [Worker-8: Building] INFO  o.a.m.s.f.DefaultMavenResourcesFiltering - skip non existing resourceDirectory /home/mati/Repositorios/Practicas2025/eclipse_AyED_OO2/ej1RedSocial_V3/src/main/resources
2025-03-27 15:39:38,242 [Worker-8: Building] INFO  o.a.m.s.f.DefaultMavenResourcesFiltering - skip non existing resourceDirectory /home/mati/Repositorios/Practicas2025/eclipse_AyED_OO2/ej1RedSocial_V3/src/test/resources
2025-03-27 15:39:58,322 [Worker-29: Building] INFO  o.e.m.c.i.l.LifecycleMappingFactory - Using org.eclipse.m2e.jdt.JarLifecycleMapping lifecycle mapping for MavenProject: objetosDos:ej2PiedraPapelTijera:0.0.1-SNAPSHOT @ /home/mati/Repositorios/Practicas2025/eclipse_AyED_OO2/ej2PiedraPapelTijera_V3/pom.xml.
2025-03-27 15:39:58,339 [Worker-29: Building] INFO  o.a.m.s.f.DefaultMavenResourcesFiltering - skip non existing resourceDirectory /home/mati/Repositorios/Practicas2025/eclipse_AyED_OO2/ej2PiedraPapelTijera_V3/src/main/resources
2025-03-27 15:39:58,340 [Worker-29: Building] INFO  o.a.m.s.f.DefaultMavenResourcesFiltering - skip non existing resourceDirectory /home/mati/Repositorios/Practicas2025/eclipse_AyED_OO2/ej2PiedraPapelTijera_V3/src/test/resources
2025-03-27 15:39:59,504 [Worker-17: Building] INFO  o.e.m.c.i.l.LifecycleMappingFactory - Using org.eclipse.m2e.jdt.JarLifecycleMapping lifecycle mapping for MavenProject: objetosDos:ej2PiedraPapelTijera:0.0.1-SNAPSHOT @ /home/mati/Repositorios/Practicas2025/eclipse_AyED_OO2/ej2PiedraPapelTijera_V3/pom.xml.
2025-03-27 15:39:59,523 [Worker-17: Building] INFO  o.a.m.s.f.DefaultMavenResourcesFiltering - skip non existing resourceDirectory /home/mati/Repositorios/Practicas2025/eclipse_AyED_OO2/ej2PiedraPapelTijera_V3/src/main/resources
2025-03-27 15:39:59,524 [Worker-17: Building] INFO  o.a.m.s.f.DefaultMavenResourcesFiltering - skip non existing resourceDirectory /home/mati/Repositorios/Practicas2025/eclipse_AyED_OO2/ej2PiedraPapelTijera_V3/src/test/resources
2025-03-27 15:40:47,784 [Worker-7: Loading available Gradle versions] INFO  o.e.b.c.i.u.g.PublishedGradleVersions - Gradle version information cache is up-to-date. Trying to read.
2025-03-27 16:22:12,019 [Worker-6: Loading available Gradle versions] INFO  o.e.b.c.i.u.g.PublishedGradleVersions - Gradle version information cache is up-to-date. Trying to read.
2025-03-28 15:09:08,118 [Worker-4: Loading available Gradle versions] INFO  o.e.b.c.i.u.g.PublishedGradleVersions - Gradle version information cache is up-to-date. Trying to read.
2025-03-28 15:10:59,650 [Worker-19: Launching mavenrun-9f169537-ce3e-429a-b259-6a0973998c61] INFO  o.eclipse.m2e.core.internal.Bundles - getClasspathEntries(Bundle=org.eclipse.m2e.maven.runtime_3.9.900.20240824-1409 [298])
2025-03-28 15:10:59,651 [Worker-19: Launching mavenrun-9f169537-ce3e-429a-b259-6a0973998c61] INFO  o.eclipse.m2e.core.internal.Bundles - 	Entry: /opt/eclipse/plugins/org.eclipse.m2e.maven.runtime_3.9.900.20240824-1409
2025-03-28 15:10:59,651 [Worker-19: Launching mavenrun-9f169537-ce3e-429a-b259-6a0973998c61] INFO  o.eclipse.m2e.core.internal.Bundles - 	Entry: /opt/eclipse/plugins/org.eclipse.m2e.maven.runtime_3.9.900.20240824-1409/jars/aopalliance-1.0.jar
2025-03-28 15:10:59,651 [Worker-19: Launching mavenrun-9f169537-ce3e-429a-b259-6a0973998c61] INFO  o.eclipse.m2e.core.internal.Bundles - 	Entry: /opt/eclipse/plugins/org.eclipse.m2e.maven.runtime_3.9.900.20240824-1409/jars/guice-5.1.0.jar
2025-03-28 15:10:59,652 [Worker-19: Launching mavenrun-9f169537-ce3e-429a-b259-6a0973998c61] INFO  o.eclipse.m2e.core.internal.Bundles - 	Entry: /opt/eclipse/plugins/org.eclipse.m2e.maven.runtime_3.9.900.20240824-1409/jars/httpclient-4.5.14.jar
2025-03-28 15:10:59,652 [Worker-19: Launching mavenrun-9f169537-ce3e-429a-b259-6a0973998c61] INFO  o.eclipse.m2e.core.internal.Bundles - 	Entry: /opt/eclipse/plugins/org.eclipse.m2e.maven.runtime_3.9.900.20240824-1409/jars/httpcore-4.4.16.jar
2025-03-28 15:10:59,652 [Worker-19: Launching mavenrun-9f169537-ce3e-429a-b259-6a0973998c61] INFO  o.eclipse.m2e.core.internal.Bundles - 	Entry: /opt/eclipse/plugins/org.eclipse.m2e.maven.runtime_3.9.900.20240824-1409/jars/jansi-2.4.1.jar
2025-03-28 15:10:59,652 [Worker-19: Launching mavenrun-9f169537-ce3e-429a-b259-6a0973998c61] INFO  o.eclipse.m2e.core.internal.Bundles - 	Entry: /opt/eclipse/plugins/org.eclipse.m2e.maven.runtime_3.9.900.20240824-1409/jars/jcl-over-slf4j-1.7.36.jar
2025-03-28 15:10:59,652 [Worker-19: Launching mavenrun-9f169537-ce3e-429a-b259-6a0973998c61] INFO  o.eclipse.m2e.core.internal.Bundles - 	Entry: /opt/eclipse/plugins/org.eclipse.m2e.maven.runtime_3.9.900.20240824-1409/jars/maven-artifact-3.9.9.jar
2025-03-28 15:10:59,652 [Worker-19: Launching mavenrun-9f169537-ce3e-429a-b259-6a0973998c61] INFO  o.eclipse.m2e.core.internal.Bundles - 	Entry: /opt/eclipse/plugins/org.eclipse.m2e.maven.runtime_3.9.900.20240824-1409/jars/maven-builder-support-3.9.9.jar
2025-03-28 15:10:59,652 [Worker-19: Launching mavenrun-9f169537-ce3e-429a-b259-6a0973998c61] INFO  o.eclipse.m2e.core.internal.Bundles - 	Entry: /opt/eclipse/plugins/org.eclipse.m2e.maven.runtime_3.9.900.20240824-1409/jars/maven-compat-3.9.9.jar
2025-03-28 15:10:59,652 [Worker-19: Launching mavenrun-9f169537-ce3e-429a-b259-6a0973998c61] INFO  o.eclipse.m2e.core.internal.Bundles - 	Entry: /opt/eclipse/plugins/org.eclipse.m2e.maven.runtime_3.9.900.20240824-1409/jars/maven-core-3.9.9.jar
2025-03-28 15:10:59,652 [Worker-19: Launching mavenrun-9f169537-ce3e-429a-b259-6a0973998c61] INFO  o.eclipse.m2e.core.internal.Bundles - 	Entry: /opt/eclipse/plugins/org.eclipse.m2e.maven.runtime_3.9.900.20240824-1409/jars/maven-embedder-3.9.9.jar
2025-03-28 15:10:59,652 [Worker-19: Launching mavenrun-9f169537-ce3e-429a-b259-6a0973998c61] INFO  o.eclipse.m2e.core.internal.Bundles - 	Entry: /opt/eclipse/plugins/org.eclipse.m2e.maven.runtime_3.9.900.20240824-1409/jars/maven-model-3.9.9.jar
2025-03-28 15:10:59,652 [Worker-19: Launching mavenrun-9f169537-ce3e-429a-b259-6a0973998c61] INFO  o.eclipse.m2e.core.internal.Bundles - 	Entry: /opt/eclipse/plugins/org.eclipse.m2e.maven.runtime_3.9.900.20240824-1409/jars/maven-model-builder-3.9.9.jar
2025-03-28 15:10:59,652 [Worker-19: Launching mavenrun-9f169537-ce3e-429a-b259-6a0973998c61] INFO  o.eclipse.m2e.core.internal.Bundles - 	Entry: /opt/eclipse/plugins/org.eclipse.m2e.maven.runtime_3.9.900.20240824-1409/jars/maven-plugin-api-3.9.9.jar
2025-03-28 15:10:59,652 [Worker-19: Launching mavenrun-9f169537-ce3e-429a-b259-6a0973998c61] INFO  o.eclipse.m2e.core.internal.Bundles - 	Entry: /opt/eclipse/plugins/org.eclipse.m2e.maven.runtime_3.9.900.20240824-1409/jars/maven-repository-metadata-3.9.9.jar
2025-03-28 15:10:59,652 [Worker-19: Launching mavenrun-9f169537-ce3e-429a-b259-6a0973998c61] INFO  o.eclipse.m2e.core.internal.Bundles - 	Entry: /opt/eclipse/plugins/org.eclipse.m2e.maven.runtime_3.9.900.20240824-1409/jars/maven-resolver-api-1.9.22.jar
2025-03-28 15:10:59,652 [Worker-19: Launching mavenrun-9f169537-ce3e-429a-b259-6a0973998c61] INFO  o.eclipse.m2e.core.internal.Bundles - 	Entry: /opt/eclipse/plugins/org.eclipse.m2e.maven.runtime_3.9.900.20240824-1409/jars/maven-resolver-connector-basic-1.9.22.jar
2025-03-28 15:10:59,652 [Worker-19: Launching mavenrun-9f169537-ce3e-429a-b259-6a0973998c61] INFO  o.eclipse.m2e.core.internal.Bundles - 	Entry: /opt/eclipse/plugins/org.eclipse.m2e.maven.runtime_3.9.900.20240824-1409/jars/maven-resolver-impl-1.9.22.jar
2025-03-28 15:10:59,652 [Worker-19: Launching mavenrun-9f169537-ce3e-429a-b259-6a0973998c61] INFO  o.eclipse.m2e.core.internal.Bundles - 	Entry: /opt/eclipse/plugins/org.eclipse.m2e.maven.runtime_3.9.900.20240824-1409/jars/maven-resolver-named-locks-1.9.22.jar
2025-03-28 15:10:59,652 [Worker-19: Launching mavenrun-9f169537-ce3e-429a-b259-6a0973998c61] INFO  o.eclipse.m2e.core.internal.Bundles - 	Entry: /opt/eclipse/plugins/org.eclipse.m2e.maven.runtime_3.9.900.20240824-1409/jars/maven-resolver-provider-3.9.9.jar
2025-03-28 15:10:59,652 [Worker-19: Launching mavenrun-9f169537-ce3e-429a-b259-6a0973998c61] INFO  o.eclipse.m2e.core.internal.Bundles - 	Entry: /opt/eclipse/plugins/org.eclipse.m2e.maven.runtime_3.9.900.20240824-1409/jars/maven-resolver-spi-1.9.22.jar
2025-03-28 15:10:59,652 [Worker-19: Launching mavenrun-9f169537-ce3e-429a-b259-6a0973998c61] INFO  o.eclipse.m2e.core.internal.Bundles - 	Entry: /opt/eclipse/plugins/org.eclipse.m2e.maven.runtime_3.9.900.20240824-1409/jars/maven-resolver-transport-file-1.9.22.jar
2025-03-28 15:10:59,652 [Worker-19: Launching mavenrun-9f169537-ce3e-429a-b259-6a0973998c61] INFO  o.eclipse.m2e.core.internal.Bundles - 	Entry: /opt/eclipse/plugins/org.eclipse.m2e.maven.runtime_3.9.900.20240824-1409/jars/maven-resolver-transport-http-1.9.22.jar
2025-03-28 15:10:59,652 [Worker-19: Launching mavenrun-9f169537-ce3e-429a-b259-6a0973998c61] INFO  o.eclipse.m2e.core.internal.Bundles - 	Entry: /opt/eclipse/plugins/org.eclipse.m2e.maven.runtime_3.9.900.20240824-1409/jars/maven-resolver-transport-wagon-1.9.22.jar
2025-03-28 15:10:59,652 [Worker-19: Launching mavenrun-9f169537-ce3e-429a-b259-6a0973998c61] INFO  o.eclipse.m2e.core.internal.Bundles - 	Entry: /opt/eclipse/plugins/org.eclipse.m2e.maven.runtime_3.9.900.20240824-1409/jars/maven-resolver-util-1.9.22.jar
2025-03-28 15:10:59,653 [Worker-19: Launching mavenrun-9f169537-ce3e-429a-b259-6a0973998c61] INFO  o.eclipse.m2e.core.internal.Bundles - 	Entry: /opt/eclipse/plugins/org.eclipse.m2e.maven.runtime_3.9.900.20240824-1409/jars/maven-settings-3.9.9.jar
2025-03-28 15:10:59,653 [Worker-19: Launching mavenrun-9f169537-ce3e-429a-b259-6a0973998c61] INFO  o.eclipse.m2e.core.internal.Bundles - 	Entry: /opt/eclipse/plugins/org.eclipse.m2e.maven.runtime_3.9.900.20240824-1409/jars/maven-settings-builder-3.9.9.jar
2025-03-28 15:10:59,653 [Worker-19: Launching mavenrun-9f169537-ce3e-429a-b259-6a0973998c61] INFO  o.eclipse.m2e.core.internal.Bundles - 	Entry: /opt/eclipse/plugins/org.eclipse.m2e.maven.runtime_3.9.900.20240824-1409/jars/maven-shared-utils-3.4.2.jar
2025-03-28 15:10:59,653 [Worker-19: Launching mavenrun-9f169537-ce3e-429a-b259-6a0973998c61] INFO  o.eclipse.m2e.core.internal.Bundles - 	Entry: /opt/eclipse/plugins/org.eclipse.m2e.maven.runtime_3.9.900.20240824-1409/jars/org.eclipse.sisu.inject-0.9.0.M3.jar
2025-03-28 15:10:59,653 [Worker-19: Launching mavenrun-9f169537-ce3e-429a-b259-6a0973998c61] INFO  o.eclipse.m2e.core.internal.Bundles - 	Entry: /opt/eclipse/plugins/org.eclipse.m2e.maven.runtime_3.9.900.20240824-1409/jars/org.eclipse.sisu.plexus-0.9.0.M3.jar
2025-03-28 15:10:59,653 [Worker-19: Launching mavenrun-9f169537-ce3e-429a-b259-6a0973998c61] INFO  o.eclipse.m2e.core.internal.Bundles - 	Entry: /opt/eclipse/plugins/org.eclipse.m2e.maven.runtime_3.9.900.20240824-1409/jars/plexus-build-api-0.0.7.jar
2025-03-28 15:10:59,653 [Worker-19: Launching mavenrun-9f169537-ce3e-429a-b259-6a0973998c61] INFO  o.eclipse.m2e.core.internal.Bundles - 	Entry: /opt/eclipse/plugins/org.eclipse.m2e.maven.runtime_3.9.900.20240824-1409/jars/plexus-build-api-1.2.0.jar
2025-03-28 15:10:59,653 [Worker-19: Launching mavenrun-9f169537-ce3e-429a-b259-6a0973998c61] INFO  o.eclipse.m2e.core.internal.Bundles - 	Entry: /opt/eclipse/plugins/org.eclipse.m2e.maven.runtime_3.9.900.20240824-1409/jars/plexus-cipher-2.0.jar
2025-03-28 15:10:59,653 [Worker-19: Launching mavenrun-9f169537-ce3e-429a-b259-6a0973998c61] INFO  o.eclipse.m2e.core.internal.Bundles - 	Entry: /opt/eclipse/plugins/org.eclipse.m2e.maven.runtime_3.9.900.20240824-1409/jars/plexus-classworlds-2.8.0.jar
2025-03-28 15:10:59,653 [Worker-19: Launching mavenrun-9f169537-ce3e-429a-b259-6a0973998c61] INFO  o.eclipse.m2e.core.internal.Bundles - 	Entry: /opt/eclipse/plugins/org.eclipse.m2e.maven.runtime_3.9.900.20240824-1409/jars/plexus-component-annotations-2.1.0.jar
2025-03-28 15:10:59,653 [Worker-19: Launching mavenrun-9f169537-ce3e-429a-b259-6a0973998c61] INFO  o.eclipse.m2e.core.internal.Bundles - 	Entry: /opt/eclipse/plugins/org.eclipse.m2e.maven.runtime_3.9.900.20240824-1409/jars/plexus-interpolation-1.27.jar
2025-03-28 15:10:59,653 [Worker-19: Launching mavenrun-9f169537-ce3e-429a-b259-6a0973998c61] INFO  o.eclipse.m2e.core.internal.Bundles - 	Entry: /opt/eclipse/plugins/org.eclipse.m2e.maven.runtime_3.9.900.20240824-1409/jars/plexus-sec-dispatcher-2.0.jar
2025-03-28 15:10:59,653 [Worker-19: Launching mavenrun-9f169537-ce3e-429a-b259-6a0973998c61] INFO  o.eclipse.m2e.core.internal.Bundles - 	Entry: /opt/eclipse/plugins/org.eclipse.m2e.maven.runtime_3.9.900.20240824-1409/jars/plexus-utils-3.5.1.jar
2025-03-28 15:10:59,653 [Worker-19: Launching mavenrun-9f169537-ce3e-429a-b259-6a0973998c61] INFO  o.eclipse.m2e.core.internal.Bundles - 	Entry: /opt/eclipse/plugins/org.eclipse.m2e.maven.runtime_3.9.900.20240824-1409/jars/plexus-xml-3.0.1.jar
2025-03-28 15:10:59,653 [Worker-19: Launching mavenrun-9f169537-ce3e-429a-b259-6a0973998c61] INFO  o.eclipse.m2e.core.internal.Bundles - 	Entry: /opt/eclipse/plugins/org.eclipse.m2e.maven.runtime_3.9.900.20240824-1409/jars/wagon-file-3.5.3.jar
2025-03-28 15:10:59,653 [Worker-19: Launching mavenrun-9f169537-ce3e-429a-b259-6a0973998c61] INFO  o.eclipse.m2e.core.internal.Bundles - 	Entry: /opt/eclipse/plugins/org.eclipse.m2e.maven.runtime_3.9.900.20240824-1409/jars/wagon-http-3.5.3.jar
2025-03-28 15:10:59,653 [Worker-19: Launching mavenrun-9f169537-ce3e-429a-b259-6a0973998c61] INFO  o.eclipse.m2e.core.internal.Bundles - 	Entry: /opt/eclipse/plugins/org.eclipse.m2e.maven.runtime_3.9.900.20240824-1409/jars/wagon-http-shared-3.5.3.jar
2025-03-28 15:10:59,653 [Worker-19: Launching mavenrun-9f169537-ce3e-429a-b259-6a0973998c61] INFO  o.eclipse.m2e.core.internal.Bundles - 	Entry: /opt/eclipse/plugins/org.eclipse.m2e.maven.runtime_3.9.900.20240824-1409/jars/wagon-provider-api-3.5.3.jar
2025-03-28 15:10:59,654 [Worker-19: Launching mavenrun-9f169537-ce3e-429a-b259-6a0973998c61] INFO  o.eclipse.m2e.core.internal.Bundles - getClasspathEntries(Bundle=com.google.guava_33.3.1.jre [10])
2025-03-28 15:10:59,654 [Worker-19: Launching mavenrun-9f169537-ce3e-429a-b259-6a0973998c61] INFO  o.eclipse.m2e.core.internal.Bundles - 	Entry: /opt/eclipse/plugins/com.google.guava_33.3.1.jre.jar
2025-03-28 15:10:59,654 [Worker-19: Launching mavenrun-9f169537-ce3e-429a-b259-6a0973998c61] INFO  o.eclipse.m2e.core.internal.Bundles - getClasspathEntries(Bundle=slf4j.api_2.0.16 [521])
2025-03-28 15:10:59,654 [Worker-19: Launching mavenrun-9f169537-ce3e-429a-b259-6a0973998c61] INFO  o.eclipse.m2e.core.internal.Bundles - 	Entry: /opt/eclipse/plugins/slf4j.api_2.0.16.jar
2025-03-28 15:10:59,654 [Worker-19: Launching mavenrun-9f169537-ce3e-429a-b259-6a0973998c61] INFO  o.eclipse.m2e.core.internal.Bundles - getClasspathEntries(Bundle=jakarta.inject.jakarta.inject-api_1.0.5 [22])
2025-03-28 15:10:59,654 [Worker-19: Launching mavenrun-9f169537-ce3e-429a-b259-6a0973998c61] INFO  o.eclipse.m2e.core.internal.Bundles - 	Entry: /opt/eclipse/plugins/jakarta.inject.jakarta.inject-api_1.0.5.jar
2025-03-28 15:10:59,654 [Worker-19: Launching mavenrun-9f169537-ce3e-429a-b259-6a0973998c61] INFO  o.eclipse.m2e.core.internal.Bundles - getClasspathEntries(Bundle=jakarta.annotation-api_1.3.5 [20])
2025-03-28 15:10:59,654 [Worker-19: Launching mavenrun-9f169537-ce3e-429a-b259-6a0973998c61] INFO  o.eclipse.m2e.core.internal.Bundles - 	Entry: /opt/eclipse/plugins/jakarta.annotation-api_1.3.5.jar
2025-03-28 15:10:59,654 [Worker-19: Launching mavenrun-9f169537-ce3e-429a-b259-6a0973998c61] INFO  o.eclipse.m2e.core.internal.Bundles - getClasspathEntries(Bundle=org.apache.commons.cli_1.9.0 [47])
2025-03-28 15:10:59,654 [Worker-19: Launching mavenrun-9f169537-ce3e-429a-b259-6a0973998c61] INFO  o.eclipse.m2e.core.internal.Bundles - 	Entry: /opt/eclipse/plugins/org.apache.commons.cli_1.9.0.jar
2025-03-28 15:10:59,654 [Worker-19: Launching mavenrun-9f169537-ce3e-429a-b259-6a0973998c61] INFO  o.eclipse.m2e.core.internal.Bundles - getClasspathEntries(Bundle=org.apache.commons.commons-codec_1.16.0 [50])
2025-03-28 15:10:59,654 [Worker-19: Launching mavenrun-9f169537-ce3e-429a-b259-6a0973998c61] INFO  o.eclipse.m2e.core.internal.Bundles - 	Entry: /opt/eclipse/plugins/org.apache.commons.commons-codec_1.16.0.jar
2025-03-28 15:10:59,654 [Worker-19: Launching mavenrun-9f169537-ce3e-429a-b259-6a0973998c61] INFO  o.eclipse.m2e.core.internal.Bundles - getClasspathEntries(Bundle=com.google.guava.failureaccess_1.0.2 [11])
2025-03-28 15:10:59,654 [Worker-19: Launching mavenrun-9f169537-ce3e-429a-b259-6a0973998c61] INFO  o.eclipse.m2e.core.internal.Bundles - 	Entry: /opt/eclipse/plugins/com.google.guava.failureaccess_1.0.2.jar
2025-03-28 15:10:59,655 [Worker-19: Launching mavenrun-9f169537-ce3e-429a-b259-6a0973998c61] INFO  o.e.m.i.launch.MavenLaunchDelegate - Run build in "/tmp/m2e-archetypeGenerator16544838731985457213":
2025-03-28 15:10:59,658 [Worker-19: Launching mavenrun-9f169537-ce3e-429a-b259-6a0973998c61] INFO  o.e.m.i.launch.MavenLaunchDelegate -  mvn  -DarchetypeGroupId=io.github.unlp-oo -DarchetypeArtifactId=archetype -DarchetypeVersion=1.0.0 -DgroupId=objetosDos -DartifactId=ejerciciosRefactoring -Dversion=0.0.1-SNAPSHOT -Dpackage=objetosDos.ejerciciosRefactoring -DoutputDirectory=/home/mati/Repositorios/Practicas2025/eclipse_AyED_OO2 -Dstyle.color=always -U archetype:generate
2025-03-28 15:11:19,636 [Worker-1: Creating archetype] INFO  o.e.m.c.i.p.ProjectConfigurationManager - Collecting project info '/pom.xml' /home/mati/Repositorios/Practicas2025/eclipse_AyED_OO2/ejerciciosRefactoring/pom.xml
2025-03-28 15:11:19,899 [Worker-1: Creating archetype] INFO  o.e.m.c.i.l.LifecycleMappingFactory - Using org.eclipse.m2e.jdt.JarLifecycleMapping lifecycle mapping for MavenProject: objetosDos:ejerciciosRefactoring:0.0.1-SNAPSHOT @ /home/mati/Repositorios/Practicas2025/eclipse_AyED_OO2/ejerciciosRefactoring/pom.xml.
2025-03-28 15:11:20,170 [Worker-1: Creating archetype] INFO  o.e.m.j.i.AbstractJavaProjectConfigurator - Adding source folder /ejerciciosRefactoring/src/main/java
2025-03-28 15:11:20,171 [Worker-1: Creating archetype] INFO  o.e.m.j.i.AbstractJavaProjectConfigurator - Adding resource folder /ejerciciosRefactoring/src/main/resources
2025-03-28 15:11:20,171 [Worker-1: Creating archetype] INFO  o.e.m.j.i.AbstractJavaProjectConfigurator - Adding source folder /ejerciciosRefactoring/src/test/java
2025-03-28 15:11:20,172 [Worker-1: Creating archetype] INFO  o.e.m.j.i.AbstractJavaProjectConfigurator - Adding resource folder /ejerciciosRefactoring/src/test/resources
2025-03-28 15:11:20,188 [Worker-1: Creating archetype] INFO  o.e.m.c.i.p.ProjectConfigurationManager - Imported and configured 1 project(s) in 0 sec
2025-03-28 15:11:20,714 [Worker-10: Building] INFO  o.a.m.s.f.DefaultMavenResourcesFiltering - skip non existing resourceDirectory /home/mati/Repositorios/Practicas2025/eclipse_AyED_OO2/ej1RedSocial_V3/src/main/resources
2025-03-28 15:11:20,717 [Worker-10: Building] INFO  o.a.m.s.f.DefaultMavenResourcesFiltering - skip non existing resourceDirectory /home/mati/Repositorios/Practicas2025/eclipse_AyED_OO2/ej1RedSocial_V3/src/test/resources
2025-03-28 15:11:20,914 [Worker-10: Building] INFO  o.a.m.s.f.DefaultMavenResourcesFiltering - skip non existing resourceDirectory /home/mati/Repositorios/Practicas2025/eclipse_AyED_OO2/ej2PiedraPapelTijera_V3/src/main/resources
2025-03-28 15:11:20,916 [Worker-10: Building] INFO  o.a.m.s.f.DefaultMavenResourcesFiltering - skip non existing resourceDirectory /home/mati/Repositorios/Practicas2025/eclipse_AyED_OO2/ej2PiedraPapelTijera_V3/src/test/resources
2025-03-28 15:11:20,947 [Worker-10: Building] INFO  o.a.m.s.f.DefaultMavenResourcesFiltering - skip non existing resourceDirectory /home/mati/Repositorios/Practicas2025/eclipse_AyED_OO2/ejerciciosRefactoring/src/main/resources
2025-03-28 15:11:20,948 [Worker-10: Building] INFO  o.a.m.s.f.DefaultMavenResourcesFiltering - skip non existing resourceDirectory /home/mati/Repositorios/Practicas2025/eclipse_AyED_OO2/ejerciciosRefactoring/src/test/resources
2025-03-28 15:13:02,989 [Worker-24: Building] INFO  o.a.m.s.f.DefaultMavenResourcesFiltering - skip non existing resourceDirectory /home/mati/Repositorios/Practicas2025/eclipse_AyED_OO2/ejerciciosRefactoring/src/main/resources
2025-03-28 15:13:02,991 [Worker-24: Building] INFO  o.a.m.s.f.DefaultMavenResourcesFiltering - skip non existing resourceDirectory /home/mati/Repositorios/Practicas2025/eclipse_AyED_OO2/ejerciciosRefactoring/src/test/resources
2025-03-28 15:13:09,225 [Worker-1: Building] INFO  o.a.m.s.f.DefaultMavenResourcesFiltering - skip non existing resourceDirectory /home/mati/Repositorios/Practicas2025/eclipse_AyED_OO2/ejerciciosRefactoring/src/main/resources
2025-03-28 15:13:09,226 [Worker-1: Building] INFO  o.a.m.s.f.DefaultMavenResourcesFiltering - skip non existing resourceDirectory /home/mati/Repositorios/Practicas2025/eclipse_AyED_OO2/ejerciciosRefactoring/src/test/resources
2025-03-28 15:15:40,016 [Worker-17: Building] INFO  o.a.m.s.f.DefaultMavenResourcesFiltering - skip non existing resourceDirectory /home/mati/Repositorios/Practicas2025/eclipse_AyED_OO2/ejerciciosRefactoring/src/main/resources
2025-03-28 15:15:40,017 [Worker-17: Building] INFO  o.a.m.s.f.DefaultMavenResourcesFiltering - skip non existing resourceDirectory /home/mati/Repositorios/Practicas2025/eclipse_AyED_OO2/ejerciciosRefactoring/src/test/resources
2025-03-28 16:45:54,987 [Worker-12: Building] INFO  o.a.m.s.f.DefaultMavenResourcesFiltering - skip non existing resourceDirectory /home/mati/Repositorios/Practicas2025/eclipse_AyED_OO2/ejerciciosRefactoring/src/main/resources
2025-03-28 16:45:54,989 [Worker-12: Building] INFO  o.a.m.s.f.DefaultMavenResourcesFiltering - skip non existing resourceDirectory /home/mati/Repositorios/Practicas2025/eclipse_AyED_OO2/ejerciciosRefactoring/src/test/resources
2025-03-28 16:47:38,358 [Worker-32: Building] INFO  o.a.m.s.f.DefaultMavenResourcesFiltering - skip non existing resourceDirectory /home/mati/Repositorios/Practicas2025/eclipse_AyED_OO2/ejerciciosRefactoring/src/main/resources
2025-03-28 16:47:38,360 [Worker-32: Building] INFO  o.a.m.s.f.DefaultMavenResourcesFiltering - skip non existing resourceDirectory /home/mati/Repositorios/Practicas2025/eclipse_AyED_OO2/ejerciciosRefactoring/src/test/resources
2025-03-28 16:47:51,744 [Worker-31: Building] INFO  o.a.m.s.f.DefaultMavenResourcesFiltering - skip non existing resourceDirectory /home/mati/Repositorios/Practicas2025/eclipse_AyED_OO2/ejerciciosRefactoring/src/main/resources
2025-03-28 16:47:51,745 [Worker-31: Building] INFO  o.a.m.s.f.DefaultMavenResourcesFiltering - skip non existing resourceDirectory /home/mati/Repositorios/Practicas2025/eclipse_AyED_OO2/ejerciciosRefactoring/src/test/resources
2025-03-28 16:48:46,139 [Worker-32: Building] INFO  o.a.m.s.f.DefaultMavenResourcesFiltering - skip non existing resourceDirectory /home/mati/Repositorios/Practicas2025/eclipse_AyED_OO2/ejerciciosRefactoring/src/main/resources
2025-03-28 16:48:46,140 [Worker-32: Building] INFO  o.a.m.s.f.DefaultMavenResourcesFiltering - skip non existing resourceDirectory /home/mati/Repositorios/Practicas2025/eclipse_AyED_OO2/ejerciciosRefactoring/src/test/resources
2025-03-28 16:50:19,607 [Worker-24: Building] INFO  o.a.m.s.f.DefaultMavenResourcesFiltering - skip non existing resourceDirectory /home/mati/Repositorios/Practicas2025/eclipse_AyED_OO2/ejerciciosRefactoring/src/main/resources
2025-03-28 16:50:19,609 [Worker-24: Building] INFO  o.a.m.s.f.DefaultMavenResourcesFiltering - skip non existing resourceDirectory /home/mati/Repositorios/Practicas2025/eclipse_AyED_OO2/ejerciciosRefactoring/src/test/resources
2025-03-30 15:36:00,553 [Worker-6: Loading available Gradle versions] INFO  o.e.b.c.i.u.g.PublishedGradleVersions - Gradle version information cache is out-of-date. Trying to update.
